C:\SFML GAME TEMPLATE SFML 2.0 RELEASE\SFML GAME TEMPLATE\DEBUG\AUDIO.OBJ
C:\SFML GAME TEMPLATE SFML 2.0 RELEASE\SFML GAME TEMPLATE\DEBUG\BASIC.OBJ
C:\SFML GAME TEMPLATE SFML 2.0 RELEASE\SFML GAME TEMPLATE\DEBUG\BUILDING.OBJ
C:\SFML GAME TEMPLATE SFML 2.0 RELEASE\SFML GAME TEMPLATE\DEBUG\DEBUGGER.OBJ
C:\SFML GAME TEMPLATE SFML 2.0 RELEASE\SFML GAME TEMPLATE\DEBUG\GAME.OBJ
C:\SFML GAME TEMPLATE SFML 2.0 RELEASE\SFML GAME TEMPLATE\DEBUG\MAIN.OBJ
C:\SFML GAME TEMPLATE SFML 2.0 RELEASE\SFML GAME TEMPLATE\DEBUG\TEST_COMMIT_CLASS.OBJ
C:\SFML GAME TEMPLATE SFML 2.0 RELEASE\SFML GAME TEMPLATE\DEBUG\TEXTURE.OBJ
C:\SFML GAME TEMPLATE SFML 2.0 RELEASE\SFML GAME TEMPLATE\DEBUG\VC110.PDB
C:\SFML Game Template SFML 2.0 Release\SFML Game Template\Debug\Audio.obj
C:\SFML Game Template SFML 2.0 Release\SFML Game Template\Debug\Basic.obj
C:\SFML Game Template SFML 2.0 Release\SFML Game Template\Debug\Building.obj
C:\SFML Game Template SFML 2.0 Release\SFML Game Template\Debug\Debugger.obj
C:\SFML Game Template SFML 2.0 Release\SFML Game Template\Debug\Game.obj
C:\SFML Game Template SFML 2.0 Release\SFML Game Template\Debug\main.obj
C:\SFML Game Template SFML 2.0 Release\SFML Game Template\Debug\Test_Commit_Class.obj
C:\SFML Game Template SFML 2.0 Release\SFML Game Template\Debug\Texture.obj
C:\SFML Game Template SFML 2.0 Release\SFML Game Template\Debug\cl.command.1.tlog
C:\SFML Game Template SFML 2.0 Release\SFML Game Template\Debug\CL.read.1.tlog
C:\SFML Game Template SFML 2.0 Release\SFML Game Template\Debug\CL.write.1.tlog
C:\SFML Game Template SFML 2.0 Release\SFML Game Template\Debug\link-cvtres.read.1.tlog
C:\SFML Game Template SFML 2.0 Release\SFML Game Template\Debug\link-cvtres.write.1.tlog
C:\SFML Game Template SFML 2.0 Release\SFML Game Template\Debug\link-rc.read.1.tlog
C:\SFML Game Template SFML 2.0 Release\SFML Game Template\Debug\link-rc.write.1.tlog
C:\SFML Game Template SFML 2.0 Release\SFML Game Template\Debug\link.command.1.tlog
C:\SFML Game Template SFML 2.0 Release\SFML Game Template\Debug\link.read.1.tlog
C:\SFML Game Template SFML 2.0 Release\SFML Game Template\Debug\link.write.1.tlog
C:\SFML Game Template SFML 2.0 Release\SFML Game Template\Debug\vc110.idb
C:\SFML Game Template SFML 2.0 Release\SFML Game Template\Debug\vc110.pdb
C:\SFML Game Template SFML 2.0 Release\Debug\SFML Game Template.pdb
