Построение начато 23.08.2017 17:08:17.
     1>Проект "C:\SFML Game Template SFML 2.0 Release\SFML Game Template\SFML Game Template.vcxproj" в узле 2 (целевые объекты Rebuild).
     1>ClCompile:
         C:\Program Files\Microsoft Visual Studio 11.0\VC\bin\CL.exe /c /I"C:\SFML-2.0\include" /ZI /nologo /W1 /WX- /Od /Oy- /D SFML_STATIC /Gm /EHsc /RTC1 /MDd /GS /fp:precise /Zc:wchar_t /Zc:forScope /Fo"Debug\\" /Fd"Debug\vc110.pdb" /Gd /TP /analyze- /errorReport:prompt Audio.cpp Basic.cpp Building.cpp Debugger.cpp Game.cpp main.cpp Test_Commit_Class.cpp Texture.cpp
         Texture.cpp
         Test_Commit_Class.cpp
         main.cpp
         Game.cpp
         Debugger.cpp
         Building.cpp
         Basic.cpp
         Audio.cpp
         Создание кода...
       Link:
         C:\Program Files\Microsoft Visual Studio 11.0\VC\bin\link.exe /ERRORREPORT:PROMPT /OUT:"C:\SFML Game Template SFML 2.0 Release\Debug\SFML Game Template.exe" /INCREMENTAL /NOLOGO /LIBPATH:"C:\SFML-2.0\lib" "sfml-graphics-s.lib" "sfml-window-s.lib" "sfml-system-s.lib" "sfml-audio-s.lib" kernel32.lib user32.lib gdi32.lib winspool.lib comdlg32.lib advapi32.lib shell32.lib ole32.lib oleaut32.lib uuid.lib odbc32.lib odbccp32.lib /MANIFEST /MANIFESTUAC:"level='asInvoker' uiAccess='false'" /manifest:embed /DEBUG /PDB:"C:\SFML Game Template SFML 2.0 Release\Debug\SFML Game Template.pdb" /TLBID:1 /DYNAMICBASE /NXCOMPAT /IMPLIB:"C:\SFML Game Template SFML 2.0 Release\Debug\SFML Game Template.lib" /MACHINE:X86 Debug\Audio.obj
         Debug\Basic.obj
         Debug\Building.obj
         Debug\Debugger.obj
         Debug\Game.obj
         Debug\main.obj
         Debug\Test_Commit_Class.obj
         Debug\Texture.obj
     1>sfml-graphics-s.lib(Font.cpp.obj) : error LNK2038: обнаружено несоответствие для "_ITERATOR_DEBUG_LEVEL": значение "0" не соответствует значению "2" в Audio.obj
     1>sfml-graphics-s.lib(Font.cpp.obj) : error LNK2038: обнаружено несоответствие для "RuntimeLibrary": значение "MD_DynamicRelease" не соответствует значению "MDd_DynamicDebug" в Audio.obj
     1>sfml-graphics-s.lib(View.cpp.obj) : error LNK2038: обнаружено несоответствие для "_ITERATOR_DEBUG_LEVEL": значение "0" не соответствует значению "2" в Audio.obj
     1>sfml-graphics-s.lib(View.cpp.obj) : error LNK2038: обнаружено несоответствие для "RuntimeLibrary": значение "MD_DynamicRelease" не соответствует значению "MDd_DynamicDebug" в Audio.obj
     1>sfml-graphics-s.lib(RenderTarget.cpp.obj) : error LNK2038: обнаружено несоответствие для "_ITERATOR_DEBUG_LEVEL": значение "0" не соответствует значению "2" в Audio.obj
     1>sfml-graphics-s.lib(RenderTarget.cpp.obj) : error LNK2038: обнаружено несоответствие для "RuntimeLibrary": значение "MD_DynamicRelease" не соответствует значению "MDd_DynamicDebug" в Audio.obj
     1>sfml-graphics-s.lib(RenderWindow.cpp.obj) : error LNK2038: обнаружено несоответствие для "_ITERATOR_DEBUG_LEVEL": значение "0" не соответствует значению "2" в Audio.obj
     1>sfml-graphics-s.lib(RenderWindow.cpp.obj) : error LNK2038: обнаружено несоответствие для "RuntimeLibrary": значение "MD_DynamicRelease" не соответствует значению "MDd_DynamicDebug" в Audio.obj
     1>sfml-graphics-s.lib(Transformable.cpp.obj) : error LNK2038: обнаружено несоответствие для "_ITERATOR_DEBUG_LEVEL": значение "0" не соответствует значению "2" в Audio.obj
     1>sfml-graphics-s.lib(Transformable.cpp.obj) : error LNK2038: обнаружено несоответствие для "RuntimeLibrary": значение "MD_DynamicRelease" не соответствует значению "MDd_DynamicDebug" в Audio.obj
     1>sfml-graphics-s.lib(Shape.cpp.obj) : error LNK2038: обнаружено несоответствие для "_ITERATOR_DEBUG_LEVEL": значение "0" не соответствует значению "2" в Audio.obj
     1>sfml-graphics-s.lib(Shape.cpp.obj) : error LNK2038: обнаружено несоответствие для "RuntimeLibrary": значение "MD_DynamicRelease" не соответствует значению "MDd_DynamicDebug" в Audio.obj
     1>sfml-graphics-s.lib(RectangleShape.cpp.obj) : error LNK2038: обнаружено несоответствие для "_ITERATOR_DEBUG_LEVEL": значение "0" не соответствует значению "2" в Audio.obj
     1>sfml-graphics-s.lib(RectangleShape.cpp.obj) : error LNK2038: обнаружено несоответствие для "RuntimeLibrary": значение "MD_DynamicRelease" не соответствует значению "MDd_DynamicDebug" в Audio.obj
     1>sfml-graphics-s.lib(Text.cpp.obj) : error LNK2038: обнаружено несоответствие для "_ITERATOR_DEBUG_LEVEL": значение "0" не соответствует значению "2" в Audio.obj
     1>sfml-graphics-s.lib(Text.cpp.obj) : error LNK2038: обнаружено несоответствие для "RuntimeLibrary": значение "MD_DynamicRelease" не соответствует значению "MDd_DynamicDebug" в Audio.obj
     1>sfml-graphics-s.lib(Color.cpp.obj) : error LNK2038: обнаружено несоответствие для "_ITERATOR_DEBUG_LEVEL": значение "0" не соответствует значению "2" в Audio.obj
     1>sfml-graphics-s.lib(Color.cpp.obj) : error LNK2038: обнаружено несоответствие для "RuntimeLibrary": значение "MD_DynamicRelease" не соответствует значению "MDd_DynamicDebug" в Audio.obj
     1>sfml-graphics-s.lib(RenderStates.cpp.obj) : error LNK2038: обнаружено несоответствие для "_ITERATOR_DEBUG_LEVEL": значение "0" не соответствует значению "2" в Audio.obj
     1>sfml-graphics-s.lib(RenderStates.cpp.obj) : error LNK2038: обнаружено несоответствие для "RuntimeLibrary": значение "MD_DynamicRelease" не соответствует значению "MDd_DynamicDebug" в Audio.obj
     1>sfml-graphics-s.lib(VertexArray.cpp.obj) : error LNK2038: обнаружено несоответствие для "_ITERATOR_DEBUG_LEVEL": значение "0" не соответствует значению "2" в Audio.obj
     1>sfml-graphics-s.lib(VertexArray.cpp.obj) : error LNK2038: обнаружено несоответствие для "RuntimeLibrary": значение "MD_DynamicRelease" не соответствует значению "MDd_DynamicDebug" в Audio.obj
     1>sfml-graphics-s.lib(Texture.cpp.obj) : error LNK2038: обнаружено несоответствие для "_ITERATOR_DEBUG_LEVEL": значение "0" не соответствует значению "2" в Audio.obj
     1>sfml-graphics-s.lib(Texture.cpp.obj) : error LNK2038: обнаружено несоответствие для "RuntimeLibrary": значение "MD_DynamicRelease" не соответствует значению "MDd_DynamicDebug" в Audio.obj
     1>sfml-graphics-s.lib(Image.cpp.obj) : error LNK2038: обнаружено несоответствие для "_ITERATOR_DEBUG_LEVEL": значение "0" не соответствует значению "2" в Audio.obj
     1>sfml-graphics-s.lib(Image.cpp.obj) : error LNK2038: обнаружено несоответствие для "RuntimeLibrary": значение "MD_DynamicRelease" не соответствует значению "MDd_DynamicDebug" в Audio.obj
     1>sfml-graphics-s.lib(Transform.cpp.obj) : error LNK2038: обнаружено несоответствие для "_ITERATOR_DEBUG_LEVEL": значение "0" не соответствует значению "2" в Audio.obj
     1>sfml-graphics-s.lib(Transform.cpp.obj) : error LNK2038: обнаружено несоответствие для "RuntimeLibrary": значение "MD_DynamicRelease" не соответствует значению "MDd_DynamicDebug" в Audio.obj
     1>sfml-graphics-s.lib(Shader.cpp.obj) : error LNK2038: обнаружено несоответствие для "_ITERATOR_DEBUG_LEVEL": значение "0" не соответствует значению "2" в Audio.obj
     1>sfml-graphics-s.lib(Shader.cpp.obj) : error LNK2038: обнаружено несоответствие для "RuntimeLibrary": значение "MD_DynamicRelease" не соответствует значению "MDd_DynamicDebug" в Audio.obj
     1>sfml-graphics-s.lib(GLCheck.cpp.obj) : error LNK2038: обнаружено несоответствие для "_ITERATOR_DEBUG_LEVEL": значение "0" не соответствует значению "2" в Audio.obj
     1>sfml-graphics-s.lib(GLCheck.cpp.obj) : error LNK2038: обнаружено несоответствие для "RuntimeLibrary": значение "MD_DynamicRelease" не соответствует значению "MDd_DynamicDebug" в Audio.obj
     1>sfml-graphics-s.lib(TextureSaver.cpp.obj) : error LNK2038: обнаружено несоответствие для "_ITERATOR_DEBUG_LEVEL": значение "0" не соответствует значению "2" в Audio.obj
     1>sfml-graphics-s.lib(TextureSaver.cpp.obj) : error LNK2038: обнаружено несоответствие для "RuntimeLibrary": значение "MD_DynamicRelease" не соответствует значению "MDd_DynamicDebug" в Audio.obj
     1>sfml-graphics-s.lib(ImageLoader.cpp.obj) : error LNK2038: обнаружено несоответствие для "_ITERATOR_DEBUG_LEVEL": значение "0" не соответствует значению "2" в Audio.obj
     1>sfml-graphics-s.lib(ImageLoader.cpp.obj) : error LNK2038: обнаружено несоответствие для "RuntimeLibrary": значение "MD_DynamicRelease" не соответствует значению "MDd_DynamicDebug" в Audio.obj
     1>sfml-window-s.lib(Mouse.cpp.obj) : error LNK2038: обнаружено несоответствие для "_ITERATOR_DEBUG_LEVEL": значение "0" не соответствует значению "2" в Audio.obj
     1>sfml-window-s.lib(Mouse.cpp.obj) : error LNK2038: обнаружено несоответствие для "RuntimeLibrary": значение "MD_DynamicRelease" не соответствует значению "MDd_DynamicDebug" в Audio.obj
     1>sfml-window-s.lib(VideoMode.cpp.obj) : error LNK2038: обнаружено несоответствие для "_ITERATOR_DEBUG_LEVEL": значение "0" не соответствует значению "2" в Audio.obj
     1>sfml-window-s.lib(VideoMode.cpp.obj) : error LNK2038: обнаружено несоответствие для "RuntimeLibrary": значение "MD_DynamicRelease" не соответствует значению "MDd_DynamicDebug" в Audio.obj
     1>sfml-window-s.lib(Window.cpp.obj) : error LNK2038: обнаружено несоответствие для "_ITERATOR_DEBUG_LEVEL": значение "0" не соответствует значению "2" в Audio.obj
     1>sfml-window-s.lib(Window.cpp.obj) : error LNK2038: обнаружено несоответствие для "RuntimeLibrary": значение "MD_DynamicRelease" не соответствует значению "MDd_DynamicDebug" в Audio.obj
     1>sfml-window-s.lib(InputImpl.cpp.obj) : error LNK2038: обнаружено несоответствие для "_ITERATOR_DEBUG_LEVEL": значение "0" не соответствует значению "2" в Audio.obj
     1>sfml-window-s.lib(InputImpl.cpp.obj) : error LNK2038: обнаружено несоответствие для "RuntimeLibrary": значение "MD_DynamicRelease" не соответствует значению "MDd_DynamicDebug" в Audio.obj
     1>sfml-window-s.lib(VideoModeImpl.cpp.obj) : error LNK2038: обнаружено несоответствие для "_ITERATOR_DEBUG_LEVEL": значение "0" не соответствует значению "2" в Audio.obj
     1>sfml-window-s.lib(VideoModeImpl.cpp.obj) : error LNK2038: обнаружено несоответствие для "RuntimeLibrary": значение "MD_DynamicRelease" не соответствует значению "MDd_DynamicDebug" в Audio.obj
     1>sfml-window-s.lib(GlContext.cpp.obj) : error LNK2038: обнаружено несоответствие для "_ITERATOR_DEBUG_LEVEL": значение "0" не соответствует значению "2" в Audio.obj
     1>sfml-window-s.lib(GlContext.cpp.obj) : error LNK2038: обнаружено несоответствие для "RuntimeLibrary": значение "MD_DynamicRelease" не соответствует значению "MDd_DynamicDebug" в Audio.obj
     1>sfml-window-s.lib(WindowImpl.cpp.obj) : error LNK2038: обнаружено несоответствие для "_ITERATOR_DEBUG_LEVEL": значение "0" не соответствует значению "2" в Audio.obj
     1>sfml-window-s.lib(WindowImpl.cpp.obj) : error LNK2038: обнаружено несоответствие для "RuntimeLibrary": значение "MD_DynamicRelease" не соответствует значению "MDd_DynamicDebug" в Audio.obj
     1>sfml-window-s.lib(WglContext.cpp.obj) : error LNK2038: обнаружено несоответствие для "_ITERATOR_DEBUG_LEVEL": значение "0" не соответствует значению "2" в Audio.obj
     1>sfml-window-s.lib(WglContext.cpp.obj) : error LNK2038: обнаружено несоответствие для "RuntimeLibrary": значение "MD_DynamicRelease" не соответствует значению "MDd_DynamicDebug" в Audio.obj
     1>sfml-window-s.lib(JoystickManager.cpp.obj) : error LNK2038: обнаружено несоответствие для "_ITERATOR_DEBUG_LEVEL": значение "0" не соответствует значению "2" в Audio.obj
     1>sfml-window-s.lib(JoystickManager.cpp.obj) : error LNK2038: обнаружено несоответствие для "RuntimeLibrary": значение "MD_DynamicRelease" не соответствует значению "MDd_DynamicDebug" в Audio.obj
     1>sfml-window-s.lib(WindowImplWin32.cpp.obj) : error LNK2038: обнаружено несоответствие для "_ITERATOR_DEBUG_LEVEL": значение "0" не соответствует значению "2" в Audio.obj
     1>sfml-window-s.lib(WindowImplWin32.cpp.obj) : error LNK2038: обнаружено несоответствие для "RuntimeLibrary": значение "MD_DynamicRelease" не соответствует значению "MDd_DynamicDebug" в Audio.obj
     1>sfml-window-s.lib(JoystickImpl.cpp.obj) : error LNK2038: обнаружено несоответствие для "_ITERATOR_DEBUG_LEVEL": значение "0" не соответствует значению "2" в Audio.obj
     1>sfml-window-s.lib(JoystickImpl.cpp.obj) : error LNK2038: обнаружено несоответствие для "RuntimeLibrary": значение "MD_DynamicRelease" не соответствует значению "MDd_DynamicDebug" в Audio.obj
     1>sfml-system-s.lib(String.cpp.obj) : error LNK2038: обнаружено несоответствие для "_ITERATOR_DEBUG_LEVEL": значение "0" не соответствует значению "2" в Audio.obj
     1>sfml-system-s.lib(String.cpp.obj) : error LNK2038: обнаружено несоответствие для "RuntimeLibrary": значение "MD_DynamicRelease" не соответствует значению "MDd_DynamicDebug" в Audio.obj
     1>sfml-system-s.lib(Err.cpp.obj) : error LNK2038: обнаружено несоответствие для "_ITERATOR_DEBUG_LEVEL": значение "0" не соответствует значению "2" в Audio.obj
     1>sfml-system-s.lib(Err.cpp.obj) : error LNK2038: обнаружено несоответствие для "RuntimeLibrary": значение "MD_DynamicRelease" не соответствует значению "MDd_DynamicDebug" в Audio.obj
     1>sfml-system-s.lib(ThreadLocal.cpp.obj) : error LNK2038: обнаружено несоответствие для "_ITERATOR_DEBUG_LEVEL": значение "0" не соответствует значению "2" в Audio.obj
     1>sfml-system-s.lib(ThreadLocal.cpp.obj) : error LNK2038: обнаружено несоответствие для "RuntimeLibrary": значение "MD_DynamicRelease" не соответствует значению "MDd_DynamicDebug" в Audio.obj
     1>sfml-audio-s.lib(SoundSource.cpp.obj) : error LNK2038: обнаружено несоответствие для "_ITERATOR_DEBUG_LEVEL": значение "0" не соответствует значению "2" в Audio.obj
     1>sfml-audio-s.lib(SoundSource.cpp.obj) : error LNK2038: обнаружено несоответствие для "RuntimeLibrary": значение "MD_DynamicRelease" не соответствует значению "MDd_DynamicDebug" в Audio.obj
     1>sfml-audio-s.lib(SoundStream.cpp.obj) : error LNK2038: обнаружено несоответствие для "_ITERATOR_DEBUG_LEVEL": значение "0" не соответствует значению "2" в Audio.obj
     1>sfml-audio-s.lib(SoundStream.cpp.obj) : error LNK2038: обнаружено несоответствие для "RuntimeLibrary": значение "MD_DynamicRelease" не соответствует значению "MDd_DynamicDebug" в Audio.obj
     1>sfml-audio-s.lib(Music.cpp.obj) : error LNK2038: обнаружено несоответствие для "_ITERATOR_DEBUG_LEVEL": значение "0" не соответствует значению "2" в Audio.obj
     1>sfml-audio-s.lib(Music.cpp.obj) : error LNK2038: обнаружено несоответствие для "RuntimeLibrary": значение "MD_DynamicRelease" не соответствует значению "MDd_DynamicDebug" в Audio.obj
     1>sfml-audio-s.lib(Sound.cpp.obj) : error LNK2038: обнаружено несоответствие для "_ITERATOR_DEBUG_LEVEL": значение "0" не соответствует значению "2" в Audio.obj
     1>sfml-audio-s.lib(Sound.cpp.obj) : error LNK2038: обнаружено несоответствие для "RuntimeLibrary": значение "MD_DynamicRelease" не соответствует значению "MDd_DynamicDebug" в Audio.obj
     1>sfml-audio-s.lib(SoundBuffer.cpp.obj) : error LNK2038: обнаружено несоответствие для "_ITERATOR_DEBUG_LEVEL": значение "0" не соответствует значению "2" в Audio.obj
     1>sfml-audio-s.lib(SoundBuffer.cpp.obj) : error LNK2038: обнаружено несоответствие для "RuntimeLibrary": значение "MD_DynamicRelease" не соответствует значению "MDd_DynamicDebug" в Audio.obj
     1>sfml-audio-s.lib(ALCheck.cpp.obj) : error LNK2038: обнаружено несоответствие для "_ITERATOR_DEBUG_LEVEL": значение "0" не соответствует значению "2" в Audio.obj
     1>sfml-audio-s.lib(ALCheck.cpp.obj) : error LNK2038: обнаружено несоответствие для "RuntimeLibrary": значение "MD_DynamicRelease" не соответствует значению "MDd_DynamicDebug" в Audio.obj
     1>sfml-audio-s.lib(AudioDevice.cpp.obj) : error LNK2038: обнаружено несоответствие для "_ITERATOR_DEBUG_LEVEL": значение "0" не соответствует значению "2" в Audio.obj
     1>sfml-audio-s.lib(AudioDevice.cpp.obj) : error LNK2038: обнаружено несоответствие для "RuntimeLibrary": значение "MD_DynamicRelease" не соответствует значению "MDd_DynamicDebug" в Audio.obj
     1>sfml-audio-s.lib(SoundFile.cpp.obj) : error LNK2038: обнаружено несоответствие для "_ITERATOR_DEBUG_LEVEL": значение "0" не соответствует значению "2" в Audio.obj
     1>sfml-audio-s.lib(SoundFile.cpp.obj) : error LNK2038: обнаружено несоответствие для "RuntimeLibrary": значение "MD_DynamicRelease" не соответствует значению "MDd_DynamicDebug" в Audio.obj
     1>sfml-system-s.lib(Thread.cpp.obj) : error LNK2038: обнаружено несоответствие для "_ITERATOR_DEBUG_LEVEL": значение "0" не соответствует значению "2" в Audio.obj
     1>sfml-system-s.lib(Thread.cpp.obj) : error LNK2038: обнаружено несоответствие для "RuntimeLibrary": значение "MD_DynamicRelease" не соответствует значению "MDd_DynamicDebug" в Audio.obj
     1>sfml-system-s.lib(ThreadImpl.cpp.obj) : error LNK2038: обнаружено несоответствие для "_ITERATOR_DEBUG_LEVEL": значение "0" не соответствует значению "2" в Audio.obj
     1>sfml-system-s.lib(ThreadImpl.cpp.obj) : error LNK2038: обнаружено несоответствие для "RuntimeLibrary": значение "MD_DynamicRelease" не соответствует значению "MDd_DynamicDebug" в Audio.obj
     1>LINK : warning LNK4098: библиотека по умолчанию "MSVCRT" противоречит использованию других библиотек; используйте параметр /NODEFAULTLIB:library
     1>C:\SFML Game Template SFML 2.0 Release\Debug\SFML Game Template.exe : fatal error LNK1319: обнаружено несоответствий: 84
     1>Построение проекта "C:\SFML Game Template SFML 2.0 Release\SFML Game Template\SFML Game Template.vcxproj" завершено (целевые объекты Rebuild) с ошибкой.

Сбой построения.

Затраченное время: 00:00:10.93
