C:\USERS\HENGINE\DOCUMENTS\VISUAL STUDIO 2012\PROJECTS\SFML GAME TEMPLATE\SFML GAME TEMPLATE\RELEASE\TEXTURE.OBJ
C:\USERS\HENGINE\DOCUMENTS\VISUAL STUDIO 2012\PROJECTS\SFML GAME TEMPLATE\SFML GAME TEMPLATE\RELEASE\MAIN.OBJ
C:\USERS\HENGINE\DOCUMENTS\VISUAL STUDIO 2012\PROJECTS\SFML GAME TEMPLATE\SFML GAME TEMPLATE\RELEASE\GAME.OBJ
C:\USERS\HENGINE\DOCUMENTS\VISUAL STUDIO 2012\PROJECTS\SFML GAME TEMPLATE\SFML GAME TEMPLATE\RELEASE\BASIC.OBJ
C:\USERS\HENGINE\DOCUMENTS\VISUAL STUDIO 2012\PROJECTS\SFML GAME TEMPLATE\SFML GAME TEMPLATE\RELEASE\AUDIO.OBJ
C:\USERS\HENGINE\DOCUMENTS\VISUAL STUDIO 2012\PROJECTS\SFML GAME TEMPLATE\SFML GAME TEMPLATE\RELEASE\DEBUGGER.OBJ
C:\USERS\HENGINE\DOCUMENTS\VISUAL STUDIO 2012\PROJECTS\SFML GAME TEMPLATE\SFML GAME TEMPLATE\RELEASE\VC110.PDB
C:\USERS\HENGINE\DOCUMENTS\VISUAL STUDIO 2012\PROJECTS\SFML GAME TEMPLATE\RELEASE\SFML GAME TEMPLATE.EXE
C:\USERS\HENGINE\DOCUMENTS\VISUAL STUDIO 2012\PROJECTS\SFML GAME TEMPLATE\RELEASE\SFML GAME TEMPLATE.PDB
C:\SFML Game Template SFML 2.0 Release\SFML Game Template\Release\Audio.obj
C:\SFML Game Template SFML 2.0 Release\SFML Game Template\Release\Basic.obj
C:\SFML Game Template SFML 2.0 Release\SFML Game Template\Release\Debugger.obj
C:\SFML Game Template SFML 2.0 Release\SFML Game Template\Release\Game.obj
C:\SFML Game Template SFML 2.0 Release\SFML Game Template\Release\main.obj
C:\SFML Game Template SFML 2.0 Release\SFML Game Template\Release\Texture.obj
C:\SFML Game Template SFML 2.0 Release\SFML Game Template\Release\cl.command.1.tlog
C:\SFML Game Template SFML 2.0 Release\SFML Game Template\Release\CL.read.1.tlog
C:\SFML Game Template SFML 2.0 Release\SFML Game Template\Release\CL.write.1.tlog
C:\SFML Game Template SFML 2.0 Release\SFML Game Template\Release\link-cvtres.read.1.tlog
C:\SFML Game Template SFML 2.0 Release\SFML Game Template\Release\link-cvtres.write.1.tlog
C:\SFML Game Template SFML 2.0 Release\SFML Game Template\Release\link-rc.read.1.tlog
C:\SFML Game Template SFML 2.0 Release\SFML Game Template\Release\link-rc.write.1.tlog
C:\SFML Game Template SFML 2.0 Release\SFML Game Template\Release\link.command.1.tlog
C:\SFML Game Template SFML 2.0 Release\SFML Game Template\Release\link.read.1.tlog
C:\SFML Game Template SFML 2.0 Release\SFML Game Template\Release\link.write.1.tlog
C:\SFML Game Template SFML 2.0 Release\SFML Game Template\Release\vc110.pdb
C:\SFML Game Template SFML 2.0 Release\Release\SFML Game Template.pdb
C:\SFML Game Template SFML 2.0 Release\Release\SFML Game Template.exe
